<?xml version="1.0" encoding="UTF-8"?>
<!-- Generated by org.testng.reporters.JUnitReportReporter -->
<testsuite hostname="DESKTOP-NPOVF55" failures="0" tests="1" name="com.tp.demo.OrganizationTest.CreateOrganizationTest" time="31.358" errors="0" timestamp="2025-01-24T11:22:11 IST" skipped="0">
  <testcase classname="com.tp.demo.OrganizationTest.CreateOrganizationTest" name="createOrgTest" time="31.358"/>
  <system-out/>
</testsuite> <!-- com.tp.demo.OrganizationTest.CreateOrganizationTest -->
