<?xml version="1.0" encoding="UTF-8"?>
<!-- Generated by org.testng.reporters.JUnitReportReporter -->
<testsuite hostname="DESKTOP-BL08O2D" failures="0" tests="1" name="com.tp.VendorModuleTest.CreateNewVendor" time="8.003" errors="0" timestamp="2025-01-24T12:01:25 IST" skipped="0">
  <testcase classname="com.tp.VendorModuleTest.CreateNewVendor" name="createVendorTest" time="8.003"/>
  <system-out>
    <![CDATA[=====connected to DB=======
====CHROME IS LAUNCHED SUCCESSFULLY====
======Login is Successfull=====
=====Logout is Successfull=====
=====BROWSER IS CLOSED======
=====database is closed=====]]>
  </system-out>
</testsuite> <!-- com.tp.VendorModuleTest.CreateNewVendor -->
